[2013-05-23 17:01:41] Searching all applications...[db]
[2013-05-23 17:01:41] Deleting connection for application 4083AD3D-0F41-B78E-4F5D-F41A515F2667...[db]
[2013-05-23 17:01:41] Searching all accounts...[db]
[2013-05-23 17:01:41] Deleting connection for account BF7B80F5-75B8-4EEF-BA4D-0BCFF4C7A93B...[db]
[2013-05-23 17:01:41] Deleting connection for account 01510078-02EC-401F-84A3-C5ED6B664C97...[db]
[2013-05-23 17:01:41] Deleting connection for account EC6A77A9-CC78-4724-B927-D2FE355B6EE7...[db]
[2013-05-23 17:01:41] Deleting connection for account C59039D0-83CB-4108-A054-AE87AF5D9F8E...[db]
[2013-05-23 17:01:41] Deleting connection for account 015381D1-8B33-4621-9534-CF5BA0BE0A6B...[db]
[2013-05-23 17:01:41] Deleting connection for account F4082360-B5BD-4207-ACA4-284CD234EBA4...[db]
[2013-05-23 17:01:41] Deleting connection for account D856B6B9-19E8-4F4B-848D-A4591021A42E...[db]
[2013-05-23 17:01:41] Deleting connection for account 0087A5E3-DC66-42A4-BE2A-E6F65F32E28A...[db]
[2013-05-23 17:01:41] Deleting connection for account 281C2E15-6571-4EDA-AE90-5FF1363AB593...[db]
[2013-05-23 17:01:41] Deleting connection for account A1E726A1-A5F6-4427-B045-912F4701033D...[db]
[2013-05-23 17:01:41] Deleting connection for account 26123914-A269-4AC1-B63F-B2892FD08B29...[db]
[2013-05-23 17:01:41] Deleting connection for account 4B64CC90-5DE6-4885-A524-82135190C3BA...[db]
[2013-05-23 17:01:41] Deleting connection for account 3DB50595-D5CF-4D52-A0F1-5329DEFD0F09...[db]
[2013-05-23 17:01:41] Deleting connection for account 70D2B682-34D9-42E0-AF14-365F2C699D00...[db]
[2013-05-23 17:01:41] Deleting connection for account 729BED64-BDF2-4618-83DD-11C0193F118C...[db]
[2013-05-23 17:01:41] Deleting connection for account CD83DF56-CC85-44FC-920A-719B5E35F853...[db]
[2013-05-23 17:01:41] Deleting connection for account D834EB70-EB3E-4FD8-BCBA-89C8113CCE4D...[db]
[2013-05-23 17:01:41] Deleting connection for account CB72CEC5-D5FE-42B4-8F81-28F411A827E1...[db]
[2013-05-23 17:01:41] Deleting connection for account 58F1692F-FE66-4D97-A3DE-A98096249575...[db]
[2013-05-23 17:01:41] Deleting connection for account 4D1A09B3-11EF-4655-9DCC-D13963C16BF0...[db]
[2013-05-23 17:01:41] Deleting connection for account BBD3C6B1-605A-4C14-95C1-7913FD709DC2...[db]
[2013-05-23 17:01:41] Deleting connection for account DE93441D-C042-4907-B281-2DA008EFDC7F...[db]
[2013-05-23 17:01:41] Deleting connection for account 3F2B722A-4E76-E979-49E3-1EFCCE19967C...[db]
[2013-05-23 17:01:41] Deleting connection for account 87058055-8DBB-40BD-89D8-B674EB4A4E71...[db]
[2013-05-23 17:01:41] Deleting connection for account 3BA90ED1-EAE7-4E4F-BA09-DB6155D6CC48...[db]
[2013-05-23 17:01:41] Deleting connection for account 0B73681B-3D10-41A4-90F7-61431EF42476...[db]
[2013-05-23 17:01:41] Deleting connection for account 91A47F28-B8C5-42D1-A606-F732655652F1...[db]
[2013-05-23 17:01:41] Deleting connection for account B9B23A92-AD9E-4724-ADD4-10F09CCE2A4E...[db]
[2013-05-23 17:01:41] Searching all connections...[db]
[2013-05-23 17:01:41] Deleting info for connection 64BE25C4-E6EC-41B7-B3C9-F02B6F4F4F88...[db]
[2013-05-23 17:01:41] Deleting connection set...[db]
