[2013-05-23 17:03:49] Saving message for application 4083AD3D-0F41-B78E-4F5D-F41A515F2667[message]
[2013-05-23 17:03:49] Message id: 2B6D21BB-2F7A-437B-A05F-CAC504BC4156[message]
[2013-05-23 17:03:49] Publishing message 2B6D21BB-2F7A-437B-A05F-CAC504BC4156 on connection 3E32C51C-0FD5-4DDC-AF7A-BE249973CF86[notify-0-0]...[message]
[2013-05-23 17:03:54] Saving message for application 4083AD3D-0F41-B78E-4F5D-F41A515F2667[message]
[2013-05-23 17:03:54] Message id: A07EE821-21B4-4DF2-8BEB-CC420D344D7E[message]
[2013-05-23 17:03:54] Publishing message A07EE821-21B4-4DF2-8BEB-CC420D344D7E on connection 3E32C51C-0FD5-4DDC-AF7A-BE249973CF86[notify-0-0]...[message]
[2013-05-23 17:04:02] Saving message for application 4083AD3D-0F41-B78E-4F5D-F41A515F2667[message]
[2013-05-23 17:04:02] Message id: 8763C8D0-F3C5-4D91-889B-724C792824BF[message]
[2013-05-23 17:04:06] Saving message for application 4083AD3D-0F41-B78E-4F5D-F41A515F2667[message]
[2013-05-23 17:04:06] Message id: 21D60A95-9D9D-40D9-A74B-11618237658A[message]
[2013-05-23 17:04:11] Saving message for application 4083AD3D-0F41-B78E-4F5D-F41A515F2667[message]
[2013-05-23 17:04:11] Message id: 2C7AF6E6-2F09-46DC-A4FA-4229AF277DA9[message]
[2013-05-23 17:04:15] Saving message for application 4083AD3D-0F41-B78E-4F5D-F41A515F2667[message]
[2013-05-23 17:04:15] Message id: C4ACB0AB-5BE7-417A-B410-AF69911AEBE4[message]
[2013-05-23 17:04:19] Saving message for application 4083AD3D-0F41-B78E-4F5D-F41A515F2667[message]
[2013-05-23 17:04:19] Message id: B2553B53-92C0-4111-9AD2-690B0E5DF283[message]
[2013-05-23 17:04:23] Saving message for application 4083AD3D-0F41-B78E-4F5D-F41A515F2667[message]
[2013-05-23 17:04:23] Message id: 8A4ABCBD-21A6-488C-A9ED-0F4DA3ECF83E[message]
[2013-05-23 17:04:26] Saving message for application 4083AD3D-0F41-B78E-4F5D-F41A515F2667[message]
[2013-05-23 17:04:26] Message id: E25A1E2F-27B4-47AE-A914-0725B74A2C15[message]
[2013-05-23 17:08:47] Saving message for application 4083AD3D-0F41-B78E-4F5D-F41A515F2667[message]
[2013-05-23 17:08:47] Message id: 63F146ED-D4A8-409A-BC1C-E4B4B54DA0CC[message]
[2013-05-23 17:08:47] Publishing message 63F146ED-D4A8-409A-BC1C-E4B4B54DA0CC on connection 3F1D29DB-9793-41EF-B980-5D85A0AE3723[notify-0-0]...[message]
[2013-05-23 17:09:09] Saving message for application 4083AD3D-0F41-B78E-4F5D-F41A515F2667[message]
[2013-05-23 17:09:09] Message id: 0FA23A22-2600-4B4F-AFDF-5FB70CF0ED62[message]
[2013-05-23 17:09:14] Saving message for application 4083AD3D-0F41-B78E-4F5D-F41A515F2667[message]
[2013-05-23 17:09:14] Message id: 42552E91-10F2-4151-884A-C64BE7C4892D[message]
