[2013-05-23 17:01:41] Waiting for message at channel notify-0-0...[notify]
[2013-05-23 17:03:25] Sending offline messages to account 015381D1-8B33-4621-9534-CF5BA0BE0A6B...[notify]
[2013-05-23 17:03:25] Total 3 offline message for account 015381D1-8B33-4621-9534-CF5BA0BE0A6B found[notify]
[2013-05-23 17:03:25] Sending message 704E1148-F947-44C6-8EF3-4A412E002FA0 on connection 3E32C51C-0FD5-4DDC-AF7A-BE249973CF86...[notify]
[2013-05-23 17:03:25] Sending message A4704D0C-7079-4935-8F6E-F4DE7E0B3656 on connection 3E32C51C-0FD5-4DDC-AF7A-BE249973CF86...[notify]
[2013-05-23 17:03:25] Sending message 185E4ED6-F41E-49EF-A056-F5345CA92C51 on connection 3E32C51C-0FD5-4DDC-AF7A-BE249973CF86...[notify]
[2013-05-23 17:03:25] Message 704E1148-F947-44C6-8EF3-4A412E002FA0 on connection 3E32C51C-0FD5-4DDC-AF7A-BE249973CF86 sent[notify]
[2013-05-23 17:03:25] [joebin] received message 704E1148-F947-44C6-8EF3-4A412E002FA0[notify]
[2013-05-23 17:03:25] [joebin] message 704E1148-F947-44C6-8EF3-4A412E002FA0 confirmed[notify]
[2013-05-23 17:03:25] One more message leaved the send queue on connection 3E32C51C-0FD5-4DDC-AF7A-BE249973CF86[notify]
[2013-05-23 17:03:25] Sending message A4704D0C-7079-4935-8F6E-F4DE7E0B3656 on connection 3E32C51C-0FD5-4DDC-AF7A-BE249973CF86...[notify]
[2013-05-23 17:03:25] Message A4704D0C-7079-4935-8F6E-F4DE7E0B3656 on connection 3E32C51C-0FD5-4DDC-AF7A-BE249973CF86 sent[notify]
[2013-05-23 17:03:25] [joebin] received message A4704D0C-7079-4935-8F6E-F4DE7E0B3656[notify]
[2013-05-23 17:03:25] [joebin] message A4704D0C-7079-4935-8F6E-F4DE7E0B3656 confirmed[notify]
[2013-05-23 17:03:25] One more message leaved the send queue on connection 3E32C51C-0FD5-4DDC-AF7A-BE249973CF86[notify]
[2013-05-23 17:03:25] Sending message 185E4ED6-F41E-49EF-A056-F5345CA92C51 on connection 3E32C51C-0FD5-4DDC-AF7A-BE249973CF86...[notify]
[2013-05-23 17:03:25] Message 185E4ED6-F41E-49EF-A056-F5345CA92C51 on connection 3E32C51C-0FD5-4DDC-AF7A-BE249973CF86 sent[notify]
[2013-05-23 17:03:25] [joebin] received message 185E4ED6-F41E-49EF-A056-F5345CA92C51[notify]
[2013-05-23 17:03:25] [joebin] message 185E4ED6-F41E-49EF-A056-F5345CA92C51 confirmed[notify]
[2013-05-23 17:03:25] No more message(s) to send on connection 3E32C51C-0FD5-4DDC-AF7A-BE249973CF86[notify]
[2013-05-23 17:03:49] Received message at channel notify-0-0: {"connId":"3E32C51C-0FD5-4DDC-AF7A-BE249973CF86","msgId":"2B6D21BB-2F7A-437B-A05F-CAC504BC4156","message":{"type":"text","body":"kiko","generate_time":"20130523170349"},"needReceipt":true}[notify]
[2013-05-23 17:03:49] Sending message 2B6D21BB-2F7A-437B-A05F-CAC504BC4156 on connection 3E32C51C-0FD5-4DDC-AF7A-BE249973CF86...[notify]
[2013-05-23 17:03:49] Message 2B6D21BB-2F7A-437B-A05F-CAC504BC4156 on connection 3E32C51C-0FD5-4DDC-AF7A-BE249973CF86 sent[notify]
[2013-05-23 17:03:49] [joebin] received message 2B6D21BB-2F7A-437B-A05F-CAC504BC4156[notify]
[2013-05-23 17:03:49] [joebin] message 2B6D21BB-2F7A-437B-A05F-CAC504BC4156 confirmed[notify]
[2013-05-23 17:03:49] No more message(s) to send on connection 3E32C51C-0FD5-4DDC-AF7A-BE249973CF86[notify]
[2013-05-23 17:03:54] Received message at channel notify-0-0: {"connId":"3E32C51C-0FD5-4DDC-AF7A-BE249973CF86","msgId":"A07EE821-21B4-4DF2-8BEB-CC420D344D7E","message":{"type":"text","body":"kiko","generate_time":"20130523170354"},"needReceipt":true}[notify]
[2013-05-23 17:03:54] Sending message A07EE821-21B4-4DF2-8BEB-CC420D344D7E on connection 3E32C51C-0FD5-4DDC-AF7A-BE249973CF86...[notify]
[2013-05-23 17:03:54] Message A07EE821-21B4-4DF2-8BEB-CC420D344D7E on connection 3E32C51C-0FD5-4DDC-AF7A-BE249973CF86 sent[notify]
[2013-05-23 17:03:54] [joebin] received message A07EE821-21B4-4DF2-8BEB-CC420D344D7E[notify]
[2013-05-23 17:03:54] [joebin] message A07EE821-21B4-4DF2-8BEB-CC420D344D7E confirmed[notify]
[2013-05-23 17:03:54] No more message(s) to send on connection 3E32C51C-0FD5-4DDC-AF7A-BE249973CF86[notify]
[2013-05-23 17:03:57] [joebin] disconnected[notify]
[2013-05-23 17:04:37] Sending offline messages to account 015381D1-8B33-4621-9534-CF5BA0BE0A6B...[notify]
[2013-05-23 17:04:37] Total 7 offline message for account 015381D1-8B33-4621-9534-CF5BA0BE0A6B found[notify]
[2013-05-23 17:04:37] Sending message 8763C8D0-F3C5-4D91-889B-724C792824BF on connection 3F1D29DB-9793-41EF-B980-5D85A0AE3723...[notify]
[2013-05-23 17:04:37] Sending message 21D60A95-9D9D-40D9-A74B-11618237658A on connection 3F1D29DB-9793-41EF-B980-5D85A0AE3723...[notify]
[2013-05-23 17:04:37] Sending message 2C7AF6E6-2F09-46DC-A4FA-4229AF277DA9 on connection 3F1D29DB-9793-41EF-B980-5D85A0AE3723...[notify]
[2013-05-23 17:04:37] Sending message C4ACB0AB-5BE7-417A-B410-AF69911AEBE4 on connection 3F1D29DB-9793-41EF-B980-5D85A0AE3723...[notify]
[2013-05-23 17:04:37] Sending message B2553B53-92C0-4111-9AD2-690B0E5DF283 on connection 3F1D29DB-9793-41EF-B980-5D85A0AE3723...[notify]
[2013-05-23 17:04:37] Sending message 8A4ABCBD-21A6-488C-A9ED-0F4DA3ECF83E on connection 3F1D29DB-9793-41EF-B980-5D85A0AE3723...[notify]
[2013-05-23 17:04:37] Sending message E25A1E2F-27B4-47AE-A914-0725B74A2C15 on connection 3F1D29DB-9793-41EF-B980-5D85A0AE3723...[notify]
[2013-05-23 17:04:37] Message 8763C8D0-F3C5-4D91-889B-724C792824BF on connection 3F1D29DB-9793-41EF-B980-5D85A0AE3723 sent[notify]
[2013-05-23 17:04:37] [joebin] received message 8763C8D0-F3C5-4D91-889B-724C792824BF[notify]
[2013-05-23 17:04:37] [joebin] message 8763C8D0-F3C5-4D91-889B-724C792824BF confirmed[notify]
[2013-05-23 17:04:37] One more message leaved the send queue on connection 3F1D29DB-9793-41EF-B980-5D85A0AE3723[notify]
[2013-05-23 17:04:37] Sending message 21D60A95-9D9D-40D9-A74B-11618237658A on connection 3F1D29DB-9793-41EF-B980-5D85A0AE3723...[notify]
[2013-05-23 17:04:37] Message 21D60A95-9D9D-40D9-A74B-11618237658A on connection 3F1D29DB-9793-41EF-B980-5D85A0AE3723 sent[notify]
[2013-05-23 17:04:37] [joebin] received message 21D60A95-9D9D-40D9-A74B-11618237658A[notify]
[2013-05-23 17:04:37] [joebin] message 21D60A95-9D9D-40D9-A74B-11618237658A confirmed[notify]
[2013-05-23 17:04:37] One more message leaved the send queue on connection 3F1D29DB-9793-41EF-B980-5D85A0AE3723[notify]
[2013-05-23 17:04:37] Sending message 2C7AF6E6-2F09-46DC-A4FA-4229AF277DA9 on connection 3F1D29DB-9793-41EF-B980-5D85A0AE3723...[notify]
[2013-05-23 17:04:37] Message 2C7AF6E6-2F09-46DC-A4FA-4229AF277DA9 on connection 3F1D29DB-9793-41EF-B980-5D85A0AE3723 sent[notify]
[2013-05-23 17:04:37] [joebin] received message 2C7AF6E6-2F09-46DC-A4FA-4229AF277DA9[notify]
[2013-05-23 17:04:37] [joebin] message 2C7AF6E6-2F09-46DC-A4FA-4229AF277DA9 confirmed[notify]
[2013-05-23 17:04:37] One more message leaved the send queue on connection 3F1D29DB-9793-41EF-B980-5D85A0AE3723[notify]
[2013-05-23 17:04:37] Sending message C4ACB0AB-5BE7-417A-B410-AF69911AEBE4 on connection 3F1D29DB-9793-41EF-B980-5D85A0AE3723...[notify]
[2013-05-23 17:04:37] Message C4ACB0AB-5BE7-417A-B410-AF69911AEBE4 on connection 3F1D29DB-9793-41EF-B980-5D85A0AE3723 sent[notify]
[2013-05-23 17:04:37] [joebin] received message C4ACB0AB-5BE7-417A-B410-AF69911AEBE4[notify]
[2013-05-23 17:04:37] [joebin] message C4ACB0AB-5BE7-417A-B410-AF69911AEBE4 confirmed[notify]
[2013-05-23 17:04:37] One more message leaved the send queue on connection 3F1D29DB-9793-41EF-B980-5D85A0AE3723[notify]
[2013-05-23 17:04:37] Sending message B2553B53-92C0-4111-9AD2-690B0E5DF283 on connection 3F1D29DB-9793-41EF-B980-5D85A0AE3723...[notify]
[2013-05-23 17:04:37] Message B2553B53-92C0-4111-9AD2-690B0E5DF283 on connection 3F1D29DB-9793-41EF-B980-5D85A0AE3723 sent[notify]
[2013-05-23 17:04:37] [joebin] received message B2553B53-92C0-4111-9AD2-690B0E5DF283[notify]
[2013-05-23 17:04:37] [joebin] message B2553B53-92C0-4111-9AD2-690B0E5DF283 confirmed[notify]
[2013-05-23 17:04:37] One more message leaved the send queue on connection 3F1D29DB-9793-41EF-B980-5D85A0AE3723[notify]
[2013-05-23 17:04:37] Sending message 8A4ABCBD-21A6-488C-A9ED-0F4DA3ECF83E on connection 3F1D29DB-9793-41EF-B980-5D85A0AE3723...[notify]
[2013-05-23 17:04:37] Message 8A4ABCBD-21A6-488C-A9ED-0F4DA3ECF83E on connection 3F1D29DB-9793-41EF-B980-5D85A0AE3723 sent[notify]
[2013-05-23 17:04:37] [joebin] received message 8A4ABCBD-21A6-488C-A9ED-0F4DA3ECF83E[notify]
[2013-05-23 17:04:37] [joebin] message 8A4ABCBD-21A6-488C-A9ED-0F4DA3ECF83E confirmed[notify]
[2013-05-23 17:04:37] One more message leaved the send queue on connection 3F1D29DB-9793-41EF-B980-5D85A0AE3723[notify]
[2013-05-23 17:04:37] Sending message E25A1E2F-27B4-47AE-A914-0725B74A2C15 on connection 3F1D29DB-9793-41EF-B980-5D85A0AE3723...[notify]
[2013-05-23 17:04:37] Message E25A1E2F-27B4-47AE-A914-0725B74A2C15 on connection 3F1D29DB-9793-41EF-B980-5D85A0AE3723 sent[notify]
[2013-05-23 17:04:37] [joebin] received message E25A1E2F-27B4-47AE-A914-0725B74A2C15[notify]
[2013-05-23 17:04:37] [joebin] message E25A1E2F-27B4-47AE-A914-0725B74A2C15 confirmed[notify]
[2013-05-23 17:04:37] No more message(s) to send on connection 3F1D29DB-9793-41EF-B980-5D85A0AE3723[notify]
[2013-05-23 17:08:47] Received message at channel notify-0-0: {"connId":"3F1D29DB-9793-41EF-B980-5D85A0AE3723","msgId":"63F146ED-D4A8-409A-BC1C-E4B4B54DA0CC","message":{"type":"text","body":"kikiko","generate_time":"20130523170847"},"needReceipt":true}[notify]
[2013-05-23 17:08:47] Sending message 63F146ED-D4A8-409A-BC1C-E4B4B54DA0CC on connection 3F1D29DB-9793-41EF-B980-5D85A0AE3723...[notify]
[2013-05-23 17:08:47] Message 63F146ED-D4A8-409A-BC1C-E4B4B54DA0CC on connection 3F1D29DB-9793-41EF-B980-5D85A0AE3723 sent[notify]
[2013-05-23 17:08:47] [joebin] received message 63F146ED-D4A8-409A-BC1C-E4B4B54DA0CC[notify]
[2013-05-23 17:08:47] [joebin] message 63F146ED-D4A8-409A-BC1C-E4B4B54DA0CC confirmed[notify]
[2013-05-23 17:08:47] No more message(s) to send on connection 3F1D29DB-9793-41EF-B980-5D85A0AE3723[notify]
[2013-05-23 17:08:56] [joebin] disconnected[notify]
[2013-05-23 17:09:00] Sending offline messages to account 015381D1-8B33-4621-9534-CF5BA0BE0A6B...[notify]
[2013-05-23 17:09:00] Total 0 offline message for account 015381D1-8B33-4621-9534-CF5BA0BE0A6B found[notify]
[2013-05-23 17:09:04] [joebin] disconnected[notify]
[2013-05-23 17:09:22] Sending offline messages to account 015381D1-8B33-4621-9534-CF5BA0BE0A6B...[notify]
[2013-05-23 17:09:22] Total 2 offline message for account 015381D1-8B33-4621-9534-CF5BA0BE0A6B found[notify]
[2013-05-23 17:09:22] Sending message 0FA23A22-2600-4B4F-AFDF-5FB70CF0ED62 on connection 60D651E2-3592-4E4D-83B6-B5797AAF22C5...[notify]
[2013-05-23 17:09:22] Sending message 42552E91-10F2-4151-884A-C64BE7C4892D on connection 60D651E2-3592-4E4D-83B6-B5797AAF22C5...[notify]
[2013-05-23 17:09:22] Message 0FA23A22-2600-4B4F-AFDF-5FB70CF0ED62 on connection 60D651E2-3592-4E4D-83B6-B5797AAF22C5 sent[notify]
[2013-05-23 17:09:22] [joebin] received message 0FA23A22-2600-4B4F-AFDF-5FB70CF0ED62[notify]
[2013-05-23 17:09:22] [joebin] message 0FA23A22-2600-4B4F-AFDF-5FB70CF0ED62 confirmed[notify]
[2013-05-23 17:09:22] One more message leaved the send queue on connection 60D651E2-3592-4E4D-83B6-B5797AAF22C5[notify]
[2013-05-23 17:09:22] Sending message 42552E91-10F2-4151-884A-C64BE7C4892D on connection 60D651E2-3592-4E4D-83B6-B5797AAF22C5...[notify]
[2013-05-23 17:09:22] Message 42552E91-10F2-4151-884A-C64BE7C4892D on connection 60D651E2-3592-4E4D-83B6-B5797AAF22C5 sent[notify]
[2013-05-23 17:09:22] [joebin] received message 42552E91-10F2-4151-884A-C64BE7C4892D[notify]
[2013-05-23 17:09:22] [joebin] message 42552E91-10F2-4151-884A-C64BE7C4892D confirmed[notify]
[2013-05-23 17:09:22] No more message(s) to send on connection 60D651E2-3592-4E4D-83B6-B5797AAF22C5[notify]
[2013-05-23 17:09:28] [joebin] disconnected[notify]
[2013-05-23 17:09:32] Sending offline messages to account 015381D1-8B33-4621-9534-CF5BA0BE0A6B...[notify]
[2013-05-23 17:09:32] Total 0 offline message for account 015381D1-8B33-4621-9534-CF5BA0BE0A6B found[notify]
[2013-05-23 17:24:52] [joebin] disconnected[notify]
[2013-05-23 17:39:29] Notify process will exit...[notify]
